<?xml version="1.0" encoding="UTF-8"?>
<!-- Generated by org.testng.reporters.JUnitXMLReporter -->
<testsuite hostname="Ravi" ignored="0" name="Default test" tests="3" failures="0" timestamp="17 Apr 2020 03:28:51 GMT" time="38.734" errors="0">
  <testcase name="T001_loginPageTest" time="20.106" classname="com.htc.orange.testcases.LeaveEntitlementTest"/>
  <testcase name="T002_DashBoardTest" time="6.472" classname="com.htc.orange.testcases.LeaveEntitlementTest"/>
  <testcase name="T003_addEntitlementTest" time="0.932" classname="com.htc.orange.testcases.LeaveEntitlementTest"/>
</testsuite> <!-- Default test -->
