<?xml version="1.0" encoding="UTF-8"?>
<!-- Generated by org.testng.reporters.JUnitXMLReporter -->
<testsuite hostname="Ravi" ignored="0" name="AdminTest" tests="4" failures="0" timestamp="17 Apr 2020 03:24:02 GMT" time="30.297" errors="0">
  <testcase name="T001_loginPageTest" time="9.481" classname="com.htc.orange.testcases.AdminTest"/>
  <testcase name="T002_DashBoardTest" time="5.225" classname="com.htc.orange.testcases.AdminTest"/>
  <testcase name="T003_addUserTest" time="1.43" classname="com.htc.orange.testcases.AdminTest"/>
  <testcase name="T004_searchUserTest" time="2.519" classname="com.htc.orange.testcases.AdminTest"/>
</testsuite> <!-- AdminTest -->
