<?xml version="1.0" encoding="UTF-8"?>
<!-- Generated by org.testng.reporters.JUnitXMLReporter -->
<testsuite hostname="Ravi" ignored="0" name="Leavelist" tests="3" failures="0" timestamp="17 Apr 2020 03:24:13 GMT" time="11.083" errors="0">
  <testcase name="T001_loginPageTest" time="4.828" classname="com.htc.orange.testcases.LeaveConfigTest"/>
  <testcase name="T002_DashBoardTest" time="4.24" classname="com.htc.orange.testcases.LeaveConfigTest"/>
  <testcase name="T003_addLeaveTypesTest" time="1.764" classname="com.htc.orange.testcases.LeaveConfigTest"/>
</testsuite> <!-- Leavelist -->
